2023-04-13 16:33:05,714 ---starting new---
2023-04-13 16:33:05,715 opening asins.csv
2023-04-13 16:33:06,941 https://www.amazon.co.uk/dp/B07R48NZVD, 200
2023-04-13 16:33:09,415 scraped item successfully ('B07R48NZVD', 'DJI Ronin-SC, 3-Axis Camera Stabilizer, Up to 2kg (4.4lbs) Payload, Lightweight Design, Dynamic Stability, Automated Features, Available for Canon/Sony/Panasonic/Nikon/Fujifilm', '£325.00')
2023-04-13 16:33:10,418 https://www.amazon.co.uk/dp/1231231231, 404
2023-04-13 16:33:10,418 passing due to make_request error
2023-04-13 16:33:11,427 https://www.amazon.co.uk/dp/B01E4ZRX7O, 200
2023-04-13 16:33:13,560 scraped item successfully ('B01E4ZRX7O', 'Panasonic LUMIX DMC-GX80KEBK Professional Camera with 12-32 mm Lens - Black', '£26.39')
2023-04-13 16:33:14,580 https://www.amazon.co.uk/dp/B00IE9XHE0, 200
2023-04-13 16:33:17,000 scraped item successfully ('B00IE9XHE0', 'Sony A6000 Interchangeable Lens Digital Camera with SELP1650 Lens Kit - Black (24.3MP)', '£750.00')
2023-04-13 16:33:17,378 https://www.amazon.co.uk/dp/B011SG00BS, 200
2023-04-13 16:33:20,048 scraped item successfully ('B011SG00BS', 'Panasonic Lumix DMC-FZ330EBK Bridge Camera with 25 - 600 mm Zoom and Full Range F2.8 - Black', '£449.95')
2023-04-13 16:33:20,452 https://www.amazon.co.uk/dp/B07FS4Q3TH, 404
2023-04-13 16:33:20,452 passing due to make_request error
2023-04-13 16:33:21,476 https://www.amazon.co.uk/dp/B0779B2K8B, 200
2023-04-13 16:33:23,750 scraped item successfully ('B0779B2K8B', 'Panasonic LUMIX DC-G9EB-K G9 Mirrorless Camera body only - Black', '£825.00')
2023-04-13 16:33:24,754 https://www.amazon.co.uk/dp/B07H9J1YXN, 200
2023-04-13 16:33:27,039 scraped item successfully ('B07H9J1YXN', 'SanDisk Extreme PRO 64GB SDXC Memory Card up to 170MB/s, UHS-1, Class 10, U3, V30, Black', '£16.34')
2023-04-13 16:33:27,040 saved file sucessfully
2023-04-13 16:33:27,040 ---finished---
2023-04-13 17:19:21,569 ---starting new---
2023-04-13 17:19:21,570 opening asins.csv
2023-04-13 17:19:21,757 https://api.wotokol.com/index.php/koc/Blogger/getBlogger/B07R48NZVD, 200
2023-04-13 17:19:21,763 No Matching Selectors found for B07R48NZVD
2023-04-13 17:19:21,851 https://api.wotokol.com/index.php/koc/Blogger/getBlogger/1231231231, 200
2023-04-13 17:19:21,853 No Matching Selectors found for 1231231231
2023-04-13 17:19:22,210 https://api.wotokol.com/index.php/koc/Blogger/getBlogger/B01E4ZRX7O, 200
2023-04-13 17:19:22,211 No Matching Selectors found for B01E4ZRX7O
2023-04-13 17:19:22,291 https://api.wotokol.com/index.php/koc/Blogger/getBlogger/B00IE9XHE0, 200
2023-04-13 17:19:22,292 No Matching Selectors found for B00IE9XHE0
2023-04-13 17:19:22,370 https://api.wotokol.com/index.php/koc/Blogger/getBlogger/B011SG00BS, 200
2023-04-13 17:19:22,371 No Matching Selectors found for B011SG00BS
2023-04-13 17:19:22,464 https://api.wotokol.com/index.php/koc/Blogger/getBlogger/B07FS4Q3TH, 200
2023-04-13 17:19:22,466 No Matching Selectors found for B07FS4Q3TH
2023-04-13 17:19:22,547 https://api.wotokol.com/index.php/koc/Blogger/getBlogger/B0779B2K8B, 200
2023-04-13 17:19:22,548 No Matching Selectors found for B0779B2K8B
2023-04-13 17:19:22,650 https://api.wotokol.com/index.php/koc/Blogger/getBlogger/B07H9J1YXN, 200
2023-04-13 17:19:22,651 No Matching Selectors found for B07H9J1YXN
2023-04-13 17:19:22,654 saved file sucessfully
2023-04-13 17:19:22,654 ---finished---
2023-04-15 10:25:01,165 ---starting new---
2023-04-15 10:25:01,166 opening asins.csv
2023-04-15 10:25:01,389 https://api.wotokol.com/index.php/koc/Blogger/getBlogger/B07R48NZVD, 200
2023-04-15 10:25:01,391 No Matching Selectors found for B07R48NZVD
2023-04-15 10:25:01,477 https://api.wotokol.com/index.php/koc/Blogger/getBlogger/1231231231, 200
2023-04-15 10:25:01,478 No Matching Selectors found for 1231231231
2023-04-15 10:25:01,570 https://api.wotokol.com/index.php/koc/Blogger/getBlogger/B01E4ZRX7O, 200
2023-04-15 10:25:01,571 No Matching Selectors found for B01E4ZRX7O
2023-04-15 10:25:01,654 https://api.wotokol.com/index.php/koc/Blogger/getBlogger/B00IE9XHE0, 200
2023-04-15 10:25:01,655 No Matching Selectors found for B00IE9XHE0
2023-04-15 10:25:01,739 https://api.wotokol.com/index.php/koc/Blogger/getBlogger/B011SG00BS, 200
2023-04-15 10:25:01,739 No Matching Selectors found for B011SG00BS
2023-04-15 10:25:01,823 https://api.wotokol.com/index.php/koc/Blogger/getBlogger/B07FS4Q3TH, 200
2023-04-15 10:25:01,824 No Matching Selectors found for B07FS4Q3TH
2023-04-15 10:25:01,919 https://api.wotokol.com/index.php/koc/Blogger/getBlogger/B0779B2K8B, 200
2023-04-15 10:25:01,919 No Matching Selectors found for B0779B2K8B
2023-04-15 10:25:02,002 https://api.wotokol.com/index.php/koc/Blogger/getBlogger/B07H9J1YXN, 200
2023-04-15 10:25:02,003 No Matching Selectors found for B07H9J1YXN
2023-04-15 10:25:02,004 saved file sucessfully
2023-04-15 10:25:02,004 ---finished---
